<?xml version="1.0" encoding="UTF-8"?>
<testng-results skipped="0" failed="0" ignored="0" total="1" passed="1">
  <reporter-output>
  </reporter-output>
  <suite name="Default suite" duration-ms="3487" started-at="2019-08-05T20:31:13Z" finished-at="2019-08-05T20:31:16Z">
    <groups>
    </groups>
    <test name="Default test" duration-ms="3487" started-at="2019-08-05T20:31:13Z" finished-at="2019-08-05T20:31:16Z">
      <class name="com.restassured.project.tutorial.RestBasicScript">
        <test-method status="PASS" signature="restBasicScript()[pri:0, instance:com.restassured.project.tutorial.RestBasicScript@e45f292]" name="restBasicScript" duration-ms="3453" started-at="2019-08-05T20:31:13Z" finished-at="2019-08-05T20:31:16Z">
          <reporter-output>
          </reporter-output>
        </test-method> <!-- restBasicScript -->
      </class> <!-- com.restassured.project.tutorial.RestBasicScript -->
    </test> <!-- Default test -->
  </suite> <!-- Default suite -->
</testng-results>
